<?xml version="1.0" encoding="UTF-8"?>
<testng-results skipped="0" failed="1" ignored="0" total="5" passed="4">
  <reporter-output>
  </reporter-output>
  <suite name="Default suite" duration-ms="79597" started-at="2020-10-21T03:03:51Z" finished-at="2020-10-21T03:05:10Z">
    <groups>
    </groups>
    <test name="Default test" duration-ms="79597" started-at="2020-10-21T03:03:51Z" finished-at="2020-10-21T03:05:10Z">
      <class name="com.qa.hotels_com.tests.HotelsListPageTest">
        <test-method status="PASS" signature="setUp()[pri:0, instance:com.qa.hotels_com.tests.HotelsListPageTest@1bce4f0a]" name="setUp" is-config="true" duration-ms="8003" started-at="2020-10-21T03:03:51Z" finished-at="2020-10-21T03:03:59Z">
          <reporter-output>
          </reporter-output>
        </test-method> <!-- setUp -->
        <test-method status="PASS" signature="verifyHiltonIs3Star()[pri:1, instance:com.qa.hotels_com.tests.HotelsListPageTest@1bce4f0a]" name="verifyHiltonIs3Star" duration-ms="3040" started-at="2020-10-21T03:03:59Z" description="verify Hilton is 3 star" finished-at="2020-10-21T03:04:02Z">
          <reporter-output>
          </reporter-output>
        </test-method> <!-- verifyHiltonIs3Star -->
        <test-method status="PASS" signature="tearDown()[pri:0, instance:com.qa.hotels_com.tests.HotelsListPageTest@1bce4f0a]" name="tearDown" is-config="true" duration-ms="119" started-at="2020-10-21T03:04:02Z" finished-at="2020-10-21T03:04:02Z">
          <reporter-output>
          </reporter-output>
        </test-method> <!-- tearDown -->
        <test-method status="PASS" signature="setUp()[pri:0, instance:com.qa.hotels_com.tests.HotelsListPageTest@1bce4f0a]" name="setUp" is-config="true" duration-ms="7611" started-at="2020-10-21T03:04:02Z" finished-at="2020-10-21T03:04:10Z">
          <reporter-output>
          </reporter-output>
        </test-method> <!-- setUp -->
        <test-method status="PASS" signature="getHotelsFeatureL()[pri:2, instance:com.qa.hotels_com.tests.HotelsListPageTest@1bce4f0a]" name="getHotelsFeatureL" duration-ms="5166" started-at="2020-10-21T03:04:10Z" description="Select hotels feature" finished-at="2020-10-21T03:04:15Z">
          <reporter-output>
          </reporter-output>
        </test-method> <!-- getHotelsFeatureL -->
        <test-method status="PASS" signature="tearDown()[pri:0, instance:com.qa.hotels_com.tests.HotelsListPageTest@1bce4f0a]" name="tearDown" is-config="true" duration-ms="129" started-at="2020-10-21T03:04:15Z" finished-at="2020-10-21T03:04:15Z">
          <reporter-output>
          </reporter-output>
        </test-method> <!-- tearDown -->
        <test-method status="PASS" signature="setUp()[pri:0, instance:com.qa.hotels_com.tests.HotelsListPageTest@1bce4f0a]" name="setUp" is-config="true" duration-ms="6912" started-at="2020-10-21T03:04:15Z" finished-at="2020-10-21T03:04:22Z">
          <reporter-output>
          </reporter-output>
        </test-method> <!-- setUp -->
        <test-method status="FAIL" signature="verifyhotels3()[pri:3, instance:com.qa.hotels_com.tests.HotelsListPageTest@1bce4f0a]" name="verifyhotels3" duration-ms="26499" started-at="2020-10-21T03:04:22Z" description="Get 3 star hotels " finished-at="2020-10-21T03:04:48Z">
          <exception class="org.openqa.selenium.TimeoutException">
            <message>
              <![CDATA[Expected condition failed: waiting for text ('Load more properties') to be present in element found by By.cssSelector: .listings-pagination-cta (tried for 20 second(s) with 500 milliseconds interval)]]>
            </message>
            <full-stacktrace>
              <![CDATA[org.openqa.selenium.TimeoutException: Expected condition failed: waiting for text ('Load more properties') to be present in element found by By.cssSelector: .listings-pagination-cta (tried for 20 second(s) with 500 milliseconds interval)
at org.openqa.selenium.support.ui.WebDriverWait.timeoutException(WebDriverWait.java:95)
at org.openqa.selenium.support.ui.FluentWait.until(FluentWait.java:272)
at com.qa.hotels_com.pages.HotelsListPage.hotels3star(HotelsListPage.java:74)
at com.qa.hotels_com.tests.HotelsListPageTest.verifyhotels3(HotelsListPageTest.java:52)
at sun.reflect.NativeMethodAccessorImpl.invoke0(Native Method)
at sun.reflect.NativeMethodAccessorImpl.invoke(NativeMethodAccessorImpl.java:62)
at sun.reflect.DelegatingMethodAccessorImpl.invoke(DelegatingMethodAccessorImpl.java:43)
at java.lang.reflect.Method.invoke(Method.java:498)
at org.testng.internal.MethodInvocationHelper.invokeMethod(MethodInvocationHelper.java:124)
at org.testng.internal.Invoker.invokeMethod(Invoker.java:583)
at org.testng.internal.Invoker.invokeTestMethod(Invoker.java:719)
at org.testng.internal.Invoker.invokeTestMethods(Invoker.java:989)
at org.testng.internal.TestMethodWorker.invokeTestMethods(TestMethodWorker.java:125)
at org.testng.internal.TestMethodWorker.run(TestMethodWorker.java:109)
at org.testng.TestRunner.privateRun(TestRunner.java:648)
at org.testng.TestRunner.run(TestRunner.java:505)
at org.testng.SuiteRunner.runTest(SuiteRunner.java:455)
at org.testng.SuiteRunner.runSequentially(SuiteRunner.java:450)
at org.testng.SuiteRunner.privateRun(SuiteRunner.java:415)
at org.testng.SuiteRunner.run(SuiteRunner.java:364)
at org.testng.SuiteRunnerWorker.runSuite(SuiteRunnerWorker.java:52)
at org.testng.SuiteRunnerWorker.run(SuiteRunnerWorker.java:84)
at org.testng.TestNG.runSuitesSequentially(TestNG.java:1208)
at org.testng.TestNG.runSuitesLocally(TestNG.java:1137)
at org.testng.TestNG.runSuites(TestNG.java:1049)
at org.testng.TestNG.run(TestNG.java:1017)
at org.testng.remote.AbstractRemoteTestNG.run(AbstractRemoteTestNG.java:114)
at org.testng.remote.RemoteTestNG.initAndRun(RemoteTestNG.java:251)
at org.testng.remote.RemoteTestNG.main(RemoteTestNG.java:77)
Caused by: org.openqa.selenium.NoSuchElementException: no such element: Unable to locate element: {"method":"css selector","selector":".listings-pagination-cta"}
  (Session info: chrome=86.0.4240.80)
For documentation on this error, please visit: https://www.seleniumhq.org/exceptions/no_such_element.html
Build info: version: '3.141.59', revision: 'e82be7d358', time: '2018-11-14T08:17:03'
System info: host: 'MacBook-Pro.local', ip: 'fe80:0:0:0:184b:5f3c:2937:b287%en0', os.name: 'Mac OS X', os.arch: 'x86_64', os.version: '10.15.6', java.version: '1.8.0_241'
Driver info: org.openqa.selenium.chrome.ChromeDriver
Capabilities {acceptInsecureCerts: false, browserName: chrome, browserVersion: 86.0.4240.80, chrome: {chromedriverVersion: 86.0.4240.22 (398b0743353ff..., userDataDir: /var/folders/xm/5gxs78pj23z...}, goog:chromeOptions: {debuggerAddress: localhost:51027}, javascriptEnabled: true, networkConnectionEnabled: false, pageLoadStrategy: normal, platform: MAC, platformName: MAC, proxy: Proxy(), setWindowRect: true, strictFileInteractability: false, timeouts: {implicit: 0, pageLoad: 300000, script: 30000}, unhandledPromptBehavior: dismiss and notify, webauthn:virtualAuthenticators: true}
Session ID: 2ef3b89201323d32b929acd00c0001b7
*** Element info: {Using=css selector, value=.listings-pagination-cta}
at sun.reflect.GeneratedConstructorAccessor14.newInstance(Unknown Source)
at sun.reflect.DelegatingConstructorAccessorImpl.newInstance(DelegatingConstructorAccessorImpl.java:45)
at java.lang.reflect.Constructor.newInstance(Constructor.java:423)
at org.openqa.selenium.remote.http.W3CHttpResponseCodec.createException(W3CHttpResponseCodec.java:187)
at org.openqa.selenium.remote.http.W3CHttpResponseCodec.decode(W3CHttpResponseCodec.java:122)
at org.openqa.selenium.remote.http.W3CHttpResponseCodec.decode(W3CHttpResponseCodec.java:49)
at org.openqa.selenium.remote.HttpCommandExecutor.execute(HttpCommandExecutor.java:158)
at org.openqa.selenium.remote.service.DriverCommandExecutor.execute(DriverCommandExecutor.java:83)
at org.openqa.selenium.remote.RemoteWebDriver.execute(RemoteWebDriver.java:552)
at org.openqa.selenium.remote.RemoteWebDriver.findElement(RemoteWebDriver.java:323)
at org.openqa.selenium.remote.RemoteWebDriver.findElementByCssSelector(RemoteWebDriver.java:420)
at org.openqa.selenium.By$ByCssSelector.findElement(By.java:431)
at org.openqa.selenium.remote.RemoteWebDriver.findElement(RemoteWebDriver.java:315)
at org.openqa.selenium.support.ui.ExpectedConditions$13.apply(ExpectedConditions.java:382)
at org.openqa.selenium.support.ui.ExpectedConditions$13.apply(ExpectedConditions.java:378)
at org.openqa.selenium.support.ui.FluentWait.until(FluentWait.java:249)
... 27 more
]]>
            </full-stacktrace>
          </exception> <!-- org.openqa.selenium.TimeoutException -->
          <reporter-output>
          </reporter-output>
        </test-method> <!-- verifyhotels3 -->
        <test-method status="PASS" signature="tearDown()[pri:0, instance:com.qa.hotels_com.tests.HotelsListPageTest@1bce4f0a]" name="tearDown" is-config="true" duration-ms="127" started-at="2020-10-21T03:04:48Z" finished-at="2020-10-21T03:04:48Z">
          <reporter-output>
          </reporter-output>
        </test-method> <!-- tearDown -->
        <test-method status="PASS" signature="setUp()[pri:0, instance:com.qa.hotels_com.tests.HotelsListPageTest@1bce4f0a]" name="setUp" is-config="true" duration-ms="6255" started-at="2020-10-21T03:04:48Z" finished-at="2020-10-21T03:04:55Z">
          <reporter-output>
          </reporter-output>
        </test-method> <!-- setUp -->
        <test-method status="PASS" signature="get4StarHotels()[pri:4, instance:com.qa.hotels_com.tests.HotelsListPageTest@1bce4f0a]" name="get4StarHotels" duration-ms="8375" started-at="2020-10-21T03:04:55Z" description="Get 4 star hotels " finished-at="2020-10-21T03:05:03Z">
          <reporter-output>
          </reporter-output>
        </test-method> <!-- get4StarHotels -->
        <test-method status="PASS" signature="tearDown()[pri:0, instance:com.qa.hotels_com.tests.HotelsListPageTest@1bce4f0a]" name="tearDown" is-config="true" duration-ms="122" started-at="2020-10-21T03:05:03Z" finished-at="2020-10-21T03:05:03Z">
          <reporter-output>
          </reporter-output>
        </test-method> <!-- tearDown -->
        <test-method status="PASS" signature="setUp()[pri:0, instance:com.qa.hotels_com.tests.HotelsListPageTest@1bce4f0a]" name="setUp" is-config="true" duration-ms="6751" started-at="2020-10-21T03:05:03Z" finished-at="2020-10-21T03:05:10Z">
          <reporter-output>
          </reporter-output>
        </test-method> <!-- setUp -->
        <test-method status="PASS" signature="get5starHotelsList()[pri:5, instance:com.qa.hotels_com.tests.HotelsListPageTest@1bce4f0a]" name="get5starHotelsList" duration-ms="339" started-at="2020-10-21T03:05:10Z" description="Get 5 star hotels" finished-at="2020-10-21T03:05:10Z">
          <reporter-output>
          </reporter-output>
        </test-method> <!-- get5starHotelsList -->
        <test-method status="PASS" signature="tearDown()[pri:0, instance:com.qa.hotels_com.tests.HotelsListPageTest@1bce4f0a]" name="tearDown" is-config="true" duration-ms="116" started-at="2020-10-21T03:05:10Z" finished-at="2020-10-21T03:05:10Z">
          <reporter-output>
          </reporter-output>
        </test-method> <!-- tearDown -->
      </class> <!-- com.qa.hotels_com.tests.HotelsListPageTest -->
    </test> <!-- Default test -->
  </suite> <!-- Default suite -->
</testng-results>
